/uolstore/home/users/sc22amll/ros2_ws/src/ros2_project_sc22amll/install/ros2_project_sc22amll/lib/python3.10/site-packages/ros2_project_sc22amll/first_step.py
/uolstore/home/users/sc22amll/ros2_ws/src/ros2_project_sc22amll/install/ros2_project_sc22amll/lib/python3.10/site-packages/ros2_project_sc22amll/Skeleton_Code_First_Step.py
/uolstore/home/users/sc22amll/ros2_ws/src/ros2_project_sc22amll/install/ros2_project_sc22amll/lib/python3.10/site-packages/ros2_project_sc22amll/Skeleton_Code_Fourth_Step.py
/uolstore/home/users/sc22amll/ros2_ws/src/ros2_project_sc22amll/install/ros2_project_sc22amll/lib/python3.10/site-packages/ros2_project_sc22amll/second_step.py
/uolstore/home/users/sc22amll/ros2_ws/src/ros2_project_sc22amll/install/ros2_project_sc22amll/lib/python3.10/site-packages/ros2_project_sc22amll/Skeleton_Code_Third_Step.py
/uolstore/home/users/sc22amll/ros2_ws/src/ros2_project_sc22amll/install/ros2_project_sc22amll/lib/python3.10/site-packages/ros2_project_sc22amll/__init__.py
/uolstore/home/users/sc22amll/ros2_ws/src/ros2_project_sc22amll/install/ros2_project_sc22amll/lib/python3.10/site-packages/ros2_project_sc22amll/Skeleton_Code_Second_Step copy.py
/uolstore/home/users/sc22amll/ros2_ws/src/ros2_project_sc22amll/install/ros2_project_sc22amll/lib/python3.10/site-packages/ros2_project_sc22amll/third_step.py
/uolstore/home/users/sc22amll/ros2_ws/src/ros2_project_sc22amll/install/ros2_project_sc22amll/lib/python3.10/site-packages/ros2_project_sc22amll/__pycache__/first_step.cpython-310.pyc
/uolstore/home/users/sc22amll/ros2_ws/src/ros2_project_sc22amll/install/ros2_project_sc22amll/lib/python3.10/site-packages/ros2_project_sc22amll/__pycache__/Skeleton_Code_First_Step.cpython-310.pyc
/uolstore/home/users/sc22amll/ros2_ws/src/ros2_project_sc22amll/install/ros2_project_sc22amll/lib/python3.10/site-packages/ros2_project_sc22amll/__pycache__/Skeleton_Code_Fourth_Step.cpython-310.pyc
/uolstore/home/users/sc22amll/ros2_ws/src/ros2_project_sc22amll/install/ros2_project_sc22amll/lib/python3.10/site-packages/ros2_project_sc22amll/__pycache__/second_step.cpython-310.pyc
/uolstore/home/users/sc22amll/ros2_ws/src/ros2_project_sc22amll/install/ros2_project_sc22amll/lib/python3.10/site-packages/ros2_project_sc22amll/__pycache__/Skeleton_Code_Third_Step.cpython-310.pyc
/uolstore/home/users/sc22amll/ros2_ws/src/ros2_project_sc22amll/install/ros2_project_sc22amll/lib/python3.10/site-packages/ros2_project_sc22amll/__pycache__/__init__.cpython-310.pyc
/uolstore/home/users/sc22amll/ros2_ws/src/ros2_project_sc22amll/install/ros2_project_sc22amll/lib/python3.10/site-packages/ros2_project_sc22amll/__pycache__/Skeleton_Code_Second_Step copy.cpython-310.pyc
/uolstore/home/users/sc22amll/ros2_ws/src/ros2_project_sc22amll/install/ros2_project_sc22amll/lib/python3.10/site-packages/ros2_project_sc22amll/__pycache__/third_step.cpython-310.pyc
/uolstore/home/users/sc22amll/ros2_ws/src/ros2_project_sc22amll/install/ros2_project_sc22amll/share/ament_index/resource_index/packages/ros2_project_sc22amll
/uolstore/home/users/sc22amll/ros2_ws/src/ros2_project_sc22amll/install/ros2_project_sc22amll/share/ros2_project_sc22amll/package.xml
/uolstore/home/users/sc22amll/ros2_ws/src/ros2_project_sc22amll/install/ros2_project_sc22amll/lib/python3.10/site-packages/ros2_project_sc22amll-0.0.0-py3.10.egg-info/PKG-INFO
/uolstore/home/users/sc22amll/ros2_ws/src/ros2_project_sc22amll/install/ros2_project_sc22amll/lib/python3.10/site-packages/ros2_project_sc22amll-0.0.0-py3.10.egg-info/zip-safe
/uolstore/home/users/sc22amll/ros2_ws/src/ros2_project_sc22amll/install/ros2_project_sc22amll/lib/python3.10/site-packages/ros2_project_sc22amll-0.0.0-py3.10.egg-info/dependency_links.txt
/uolstore/home/users/sc22amll/ros2_ws/src/ros2_project_sc22amll/install/ros2_project_sc22amll/lib/python3.10/site-packages/ros2_project_sc22amll-0.0.0-py3.10.egg-info/entry_points.txt
/uolstore/home/users/sc22amll/ros2_ws/src/ros2_project_sc22amll/install/ros2_project_sc22amll/lib/python3.10/site-packages/ros2_project_sc22amll-0.0.0-py3.10.egg-info/requires.txt
/uolstore/home/users/sc22amll/ros2_ws/src/ros2_project_sc22amll/install/ros2_project_sc22amll/lib/python3.10/site-packages/ros2_project_sc22amll-0.0.0-py3.10.egg-info/top_level.txt
/uolstore/home/users/sc22amll/ros2_ws/src/ros2_project_sc22amll/install/ros2_project_sc22amll/lib/python3.10/site-packages/ros2_project_sc22amll-0.0.0-py3.10.egg-info/SOURCES.txt
/uolstore/home/users/sc22amll/ros2_ws/src/ros2_project_sc22amll/install/ros2_project_sc22amll/lib/ros2_project_sc22amll/first_step
/uolstore/home/users/sc22amll/ros2_ws/src/ros2_project_sc22amll/install/ros2_project_sc22amll/lib/ros2_project_sc22amll/fourth_step
/uolstore/home/users/sc22amll/ros2_ws/src/ros2_project_sc22amll/install/ros2_project_sc22amll/lib/ros2_project_sc22amll/second_step
/uolstore/home/users/sc22amll/ros2_ws/src/ros2_project_sc22amll/install/ros2_project_sc22amll/lib/ros2_project_sc22amll/third_step
